21-Apr-2025 23:06:01.819 INFO [main] org.apache.catalina.startup.VersionLoggerListener.log Server version name:   Apache Tomcat/10.1.40
21-Apr-2025 23:06:01.823 INFO [main] org.apache.catalina.startup.VersionLoggerListener.log Server built:          Apr 1 2025 17:20:53 UTC
21-Apr-2025 23:06:01.823 INFO [main] org.apache.catalina.startup.VersionLoggerListener.log Server version number: 10.1.40.0
21-Apr-2025 23:06:01.823 INFO [main] org.apache.catalina.startup.VersionLoggerListener.log OS Name:               Windows 11
21-Apr-2025 23:06:01.824 INFO [main] org.apache.catalina.startup.VersionLoggerListener.log OS Version:            10.0
21-Apr-2025 23:06:01.824 INFO [main] org.apache.catalina.startup.VersionLoggerListener.log Architecture:          amd64
21-Apr-2025 23:06:01.824 INFO [main] org.apache.catalina.startup.VersionLoggerListener.log Java Home:             C:\Program Files\Java\jdk-21
21-Apr-2025 23:06:01.824 INFO [main] org.apache.catalina.startup.VersionLoggerListener.log JVM Version:           21.0.6+8-LTS-188
21-Apr-2025 23:06:01.825 INFO [main] org.apache.catalina.startup.VersionLoggerListener.log JVM Vendor:            Oracle Corporation
21-Apr-2025 23:06:01.825 INFO [main] org.apache.catalina.startup.VersionLoggerListener.log CATALINA_BASE:         C:\Users\User\Desktop\Java\Workspace\apache-tomcat-10.1.40
21-Apr-2025 23:06:01.825 INFO [main] org.apache.catalina.startup.VersionLoggerListener.log CATALINA_HOME:         C:\Users\User\Desktop\Java\Workspace\apache-tomcat-10.1.40
21-Apr-2025 23:06:01.833 INFO [main] org.apache.catalina.startup.VersionLoggerListener.log Command line argument: -Djava.util.logging.config.file=C:\Users\User\Desktop\Java\Workspace\apache-tomcat-10.1.40\conf\logging.properties
21-Apr-2025 23:06:01.834 INFO [main] org.apache.catalina.startup.VersionLoggerListener.log Command line argument: -Djava.util.logging.manager=org.apache.juli.ClassLoaderLogManager
21-Apr-2025 23:06:01.834 INFO [main] org.apache.catalina.startup.VersionLoggerListener.log Command line argument: -Djdk.tls.ephemeralDHKeySize=2048
21-Apr-2025 23:06:01.834 INFO [main] org.apache.catalina.startup.VersionLoggerListener.log Command line argument: -Djava.protocol.handler.pkgs=org.apache.catalina.webresources
21-Apr-2025 23:06:01.834 INFO [main] org.apache.catalina.startup.VersionLoggerListener.log Command line argument: -Dsun.io.useCanonCaches=false
21-Apr-2025 23:06:01.834 INFO [main] org.apache.catalina.startup.VersionLoggerListener.log Command line argument: --add-opens=java.base/java.lang=ALL-UNNAMED
21-Apr-2025 23:06:01.834 INFO [main] org.apache.catalina.startup.VersionLoggerListener.log Command line argument: --add-opens=java.base/java.lang.reflect=ALL-UNNAMED
21-Apr-2025 23:06:01.835 INFO [main] org.apache.catalina.startup.VersionLoggerListener.log Command line argument: --add-opens=java.base/java.io=ALL-UNNAMED
21-Apr-2025 23:06:01.835 INFO [main] org.apache.catalina.startup.VersionLoggerListener.log Command line argument: --add-opens=java.base/java.util=ALL-UNNAMED
21-Apr-2025 23:06:01.835 INFO [main] org.apache.catalina.startup.VersionLoggerListener.log Command line argument: --add-opens=java.base/java.util.concurrent=ALL-UNNAMED
21-Apr-2025 23:06:01.835 INFO [main] org.apache.catalina.startup.VersionLoggerListener.log Command line argument: --add-opens=java.rmi/sun.rmi.transport=ALL-UNNAMED
21-Apr-2025 23:06:01.835 INFO [main] org.apache.catalina.startup.VersionLoggerListener.log Command line argument: -Dcatalina.base=C:\Users\User\Desktop\Java\Workspace\apache-tomcat-10.1.40
21-Apr-2025 23:06:01.836 INFO [main] org.apache.catalina.startup.VersionLoggerListener.log Command line argument: -Dcatalina.home=C:\Users\User\Desktop\Java\Workspace\apache-tomcat-10.1.40
21-Apr-2025 23:06:01.836 INFO [main] org.apache.catalina.startup.VersionLoggerListener.log Command line argument: -Djava.io.tmpdir=C:\Users\User\Desktop\Java\Workspace\apache-tomcat-10.1.40\temp
21-Apr-2025 23:06:01.839 INFO [main] org.apache.catalina.core.AprLifecycleListener.lifecycleEvent The Apache Tomcat Native library which allows using OpenSSL was not found on the java.library.path: [C:\Program Files\Java\jdk-21\bin;C:\WINDOWS\Sun\Java\bin;C:\WINDOWS\system32;C:\WINDOWS;C:\Program Files\Common Files\Oracle\Java\javapath;C:\Program Files\Java\jdk-21\bin;C:\WINDOWS\system32;C:\WINDOWS;C:\WINDOWS\System32\Wbem;C:\WINDOWS\System32\WindowsPowerShell\v1.0\;C:\WINDOWS\System32\OpenSSH\;C:\Program Files (x86)\NVIDIA Corporation\PhysX\Common;C:\Program Files\NVIDIA Corporation\NVIDIA NvDLISR;C:\Program Files\dotnet\;C:\Program Files\Git\cmd;C:\Users\User\AppData\Local\Microsoft\WindowsApps;C:\Users\User\AppData\Local\Programs\Microsoft VS Code\bin;.]
21-Apr-2025 23:06:02.000 INFO [main] org.apache.coyote.AbstractProtocol.init Initializing ProtocolHandler ["http-nio-8080"]
21-Apr-2025 23:06:02.016 INFO [main] org.apache.catalina.startup.Catalina.load Server initialization in [309] milliseconds
21-Apr-2025 23:06:02.064 INFO [main] org.apache.catalina.core.StandardService.startInternal Starting service [Catalina]
21-Apr-2025 23:06:02.065 INFO [main] org.apache.catalina.core.StandardEngine.startInternal Starting Servlet engine: [Apache Tomcat/10.1.40]
21-Apr-2025 23:06:02.072 INFO [main] org.apache.catalina.startup.HostConfig.deployDirectory Deploying web application directory [C:\Users\User\Desktop\Java\Workspace\apache-tomcat-10.1.40\webapps\docs]
21-Apr-2025 23:06:02.287 INFO [main] org.apache.catalina.startup.HostConfig.deployDirectory Deployment of web application directory [C:\Users\User\Desktop\Java\Workspace\apache-tomcat-10.1.40\webapps\docs] has finished in [215] ms
21-Apr-2025 23:06:02.288 INFO [main] org.apache.catalina.startup.HostConfig.deployDirectory Deploying web application directory [C:\Users\User\Desktop\Java\Workspace\apache-tomcat-10.1.40\webapps\examples]
21-Apr-2025 23:06:02.527 INFO [main] org.apache.catalina.startup.HostConfig.deployDirectory Deployment of web application directory [C:\Users\User\Desktop\Java\Workspace\apache-tomcat-10.1.40\webapps\examples] has finished in [239] ms
21-Apr-2025 23:06:02.527 INFO [main] org.apache.catalina.startup.HostConfig.deployDirectory Deploying web application directory [C:\Users\User\Desktop\Java\Workspace\apache-tomcat-10.1.40\webapps\host-manager]
21-Apr-2025 23:06:02.552 INFO [main] org.apache.catalina.startup.HostConfig.deployDirectory Deployment of web application directory [C:\Users\User\Desktop\Java\Workspace\apache-tomcat-10.1.40\webapps\host-manager] has finished in [25] ms
21-Apr-2025 23:06:02.552 INFO [main] org.apache.catalina.startup.HostConfig.deployDirectory Deploying web application directory [C:\Users\User\Desktop\Java\Workspace\apache-tomcat-10.1.40\webapps\manager]
21-Apr-2025 23:06:02.573 INFO [main] org.apache.catalina.startup.HostConfig.deployDirectory Deployment of web application directory [C:\Users\User\Desktop\Java\Workspace\apache-tomcat-10.1.40\webapps\manager] has finished in [21] ms
21-Apr-2025 23:06:02.575 INFO [main] org.apache.catalina.startup.HostConfig.deployDirectory Deploying web application directory [C:\Users\User\Desktop\Java\Workspace\apache-tomcat-10.1.40\webapps\ROOT]
21-Apr-2025 23:06:02.589 INFO [main] org.apache.catalina.startup.HostConfig.deployDirectory Deployment of web application directory [C:\Users\User\Desktop\Java\Workspace\apache-tomcat-10.1.40\webapps\ROOT] has finished in [14] ms
21-Apr-2025 23:06:02.592 INFO [main] org.apache.coyote.AbstractProtocol.start Starting ProtocolHandler ["http-nio-8080"]
21-Apr-2025 23:06:02.606 INFO [main] org.apache.catalina.startup.Catalina.start Server startup in [588] milliseconds
21-Apr-2025 23:07:24.606 INFO [main] org.apache.catalina.startup.VersionLoggerListener.log Server version name:   Apache Tomcat/10.1.40
21-Apr-2025 23:07:24.610 INFO [main] org.apache.catalina.startup.VersionLoggerListener.log Server built:          Apr 1 2025 17:20:53 UTC
21-Apr-2025 23:07:24.610 INFO [main] org.apache.catalina.startup.VersionLoggerListener.log Server version number: 10.1.40.0
21-Apr-2025 23:07:24.610 INFO [main] org.apache.catalina.startup.VersionLoggerListener.log OS Name:               Windows 11
21-Apr-2025 23:07:24.610 INFO [main] org.apache.catalina.startup.VersionLoggerListener.log OS Version:            10.0
21-Apr-2025 23:07:24.611 INFO [main] org.apache.catalina.startup.VersionLoggerListener.log Architecture:          amd64
21-Apr-2025 23:07:24.611 INFO [main] org.apache.catalina.startup.VersionLoggerListener.log Java Home:             C:\Program Files\Java\jdk-21
21-Apr-2025 23:07:24.611 INFO [main] org.apache.catalina.startup.VersionLoggerListener.log JVM Version:           21.0.6+8-LTS-188
21-Apr-2025 23:07:24.611 INFO [main] org.apache.catalina.startup.VersionLoggerListener.log JVM Vendor:            Oracle Corporation
21-Apr-2025 23:07:24.612 INFO [main] org.apache.catalina.startup.VersionLoggerListener.log CATALINA_BASE:         C:\Users\User\Desktop\Java\Workspace\apache-tomcat-10.1.40
21-Apr-2025 23:07:24.612 INFO [main] org.apache.catalina.startup.VersionLoggerListener.log CATALINA_HOME:         C:\Users\User\Desktop\Java\Workspace\apache-tomcat-10.1.40
21-Apr-2025 23:07:24.619 INFO [main] org.apache.catalina.startup.VersionLoggerListener.log Command line argument: -Djava.util.logging.config.file=C:\Users\User\Desktop\Java\Workspace\apache-tomcat-10.1.40\conf\logging.properties
21-Apr-2025 23:07:24.620 INFO [main] org.apache.catalina.startup.VersionLoggerListener.log Command line argument: -Djava.util.logging.manager=org.apache.juli.ClassLoaderLogManager
21-Apr-2025 23:07:24.620 INFO [main] org.apache.catalina.startup.VersionLoggerListener.log Command line argument: -Djdk.tls.ephemeralDHKeySize=2048
21-Apr-2025 23:07:24.620 INFO [main] org.apache.catalina.startup.VersionLoggerListener.log Command line argument: -Djava.protocol.handler.pkgs=org.apache.catalina.webresources
21-Apr-2025 23:07:24.621 INFO [main] org.apache.catalina.startup.VersionLoggerListener.log Command line argument: -Dsun.io.useCanonCaches=false
21-Apr-2025 23:07:24.621 INFO [main] org.apache.catalina.startup.VersionLoggerListener.log Command line argument: --add-opens=java.base/java.lang=ALL-UNNAMED
21-Apr-2025 23:07:24.621 INFO [main] org.apache.catalina.startup.VersionLoggerListener.log Command line argument: --add-opens=java.base/java.lang.reflect=ALL-UNNAMED
21-Apr-2025 23:07:24.621 INFO [main] org.apache.catalina.startup.VersionLoggerListener.log Command line argument: --add-opens=java.base/java.io=ALL-UNNAMED
21-Apr-2025 23:07:24.621 INFO [main] org.apache.catalina.startup.VersionLoggerListener.log Command line argument: --add-opens=java.base/java.util=ALL-UNNAMED
21-Apr-2025 23:07:24.622 INFO [main] org.apache.catalina.startup.VersionLoggerListener.log Command line argument: --add-opens=java.base/java.util.concurrent=ALL-UNNAMED
21-Apr-2025 23:07:24.622 INFO [main] org.apache.catalina.startup.VersionLoggerListener.log Command line argument: --add-opens=java.rmi/sun.rmi.transport=ALL-UNNAMED
21-Apr-2025 23:07:24.622 INFO [main] org.apache.catalina.startup.VersionLoggerListener.log Command line argument: -Dcatalina.base=C:\Users\User\Desktop\Java\Workspace\apache-tomcat-10.1.40
21-Apr-2025 23:07:24.623 INFO [main] org.apache.catalina.startup.VersionLoggerListener.log Command line argument: -Dcatalina.home=C:\Users\User\Desktop\Java\Workspace\apache-tomcat-10.1.40
21-Apr-2025 23:07:24.623 INFO [main] org.apache.catalina.startup.VersionLoggerListener.log Command line argument: -Djava.io.tmpdir=C:\Users\User\Desktop\Java\Workspace\apache-tomcat-10.1.40\temp
21-Apr-2025 23:07:24.627 INFO [main] org.apache.catalina.core.AprLifecycleListener.lifecycleEvent The Apache Tomcat Native library which allows using OpenSSL was not found on the java.library.path: [C:\Program Files\Java\jdk-21\bin;C:\WINDOWS\Sun\Java\bin;C:\WINDOWS\system32;C:\WINDOWS;C:\Program Files\Common Files\Oracle\Java\javapath;C:\Program Files\Java\jdk-21\bin;C:\WINDOWS\system32;C:\WINDOWS;C:\WINDOWS\System32\Wbem;C:\WINDOWS\System32\WindowsPowerShell\v1.0\;C:\WINDOWS\System32\OpenSSH\;C:\Program Files (x86)\NVIDIA Corporation\PhysX\Common;C:\Program Files\NVIDIA Corporation\NVIDIA NvDLISR;C:\Program Files\dotnet\;C:\Program Files\Git\cmd;C:\Users\User\AppData\Local\Microsoft\WindowsApps;C:\Users\User\AppData\Local\Programs\Microsoft VS Code\bin;.]
21-Apr-2025 23:07:24.803 INFO [main] org.apache.coyote.AbstractProtocol.init Initializing ProtocolHandler ["http-nio-8080"]
21-Apr-2025 23:07:24.817 INFO [main] org.apache.catalina.startup.Catalina.load Server initialization in [334] milliseconds
21-Apr-2025 23:07:24.863 INFO [main] org.apache.catalina.core.StandardService.startInternal Starting service [Catalina]
21-Apr-2025 23:07:24.863 INFO [main] org.apache.catalina.core.StandardEngine.startInternal Starting Servlet engine: [Apache Tomcat/10.1.40]
21-Apr-2025 23:07:24.870 INFO [main] org.apache.catalina.startup.HostConfig.deployDirectory Deploying web application directory [C:\Users\User\Desktop\Java\Workspace\apache-tomcat-10.1.40\webapps\docs]
21-Apr-2025 23:07:25.063 INFO [main] org.apache.catalina.startup.HostConfig.deployDirectory Deployment of web application directory [C:\Users\User\Desktop\Java\Workspace\apache-tomcat-10.1.40\webapps\docs] has finished in [193] ms
21-Apr-2025 23:07:25.063 INFO [main] org.apache.catalina.startup.HostConfig.deployDirectory Deploying web application directory [C:\Users\User\Desktop\Java\Workspace\apache-tomcat-10.1.40\webapps\examples]
21-Apr-2025 23:07:25.306 INFO [main] org.apache.catalina.startup.HostConfig.deployDirectory Deployment of web application directory [C:\Users\User\Desktop\Java\Workspace\apache-tomcat-10.1.40\webapps\examples] has finished in [243] ms
21-Apr-2025 23:07:25.307 INFO [main] org.apache.catalina.startup.HostConfig.deployDirectory Deploying web application directory [C:\Users\User\Desktop\Java\Workspace\apache-tomcat-10.1.40\webapps\host-manager]
21-Apr-2025 23:07:25.333 INFO [main] org.apache.catalina.startup.HostConfig.deployDirectory Deployment of web application directory [C:\Users\User\Desktop\Java\Workspace\apache-tomcat-10.1.40\webapps\host-manager] has finished in [27] ms
21-Apr-2025 23:07:25.333 INFO [main] org.apache.catalina.startup.HostConfig.deployDirectory Deploying web application directory [C:\Users\User\Desktop\Java\Workspace\apache-tomcat-10.1.40\webapps\manager]
21-Apr-2025 23:07:25.354 INFO [main] org.apache.catalina.startup.HostConfig.deployDirectory Deployment of web application directory [C:\Users\User\Desktop\Java\Workspace\apache-tomcat-10.1.40\webapps\manager] has finished in [21] ms
21-Apr-2025 23:07:25.355 INFO [main] org.apache.catalina.startup.HostConfig.deployDirectory Deploying web application directory [C:\Users\User\Desktop\Java\Workspace\apache-tomcat-10.1.40\webapps\ROOT]
21-Apr-2025 23:07:25.371 INFO [main] org.apache.catalina.startup.HostConfig.deployDirectory Deployment of web application directory [C:\Users\User\Desktop\Java\Workspace\apache-tomcat-10.1.40\webapps\ROOT] has finished in [16] ms
21-Apr-2025 23:07:25.374 INFO [main] org.apache.coyote.AbstractProtocol.start Starting ProtocolHandler ["http-nio-8080"]
21-Apr-2025 23:07:25.390 INFO [main] org.apache.catalina.startup.Catalina.start Server startup in [571] milliseconds
21-Apr-2025 23:10:07.119 INFO [main] org.apache.catalina.startup.VersionLoggerListener.log Server version name:   Apache Tomcat/10.1.40
21-Apr-2025 23:10:07.122 INFO [main] org.apache.catalina.startup.VersionLoggerListener.log Server built:          Apr 1 2025 17:20:53 UTC
21-Apr-2025 23:10:07.123 INFO [main] org.apache.catalina.startup.VersionLoggerListener.log Server version number: 10.1.40.0
21-Apr-2025 23:10:07.123 INFO [main] org.apache.catalina.startup.VersionLoggerListener.log OS Name:               Windows 11
21-Apr-2025 23:10:07.123 INFO [main] org.apache.catalina.startup.VersionLoggerListener.log OS Version:            10.0
21-Apr-2025 23:10:07.123 INFO [main] org.apache.catalina.startup.VersionLoggerListener.log Architecture:          amd64
21-Apr-2025 23:10:07.123 INFO [main] org.apache.catalina.startup.VersionLoggerListener.log Java Home:             C:\Program Files\Java\jdk-21
21-Apr-2025 23:10:07.123 INFO [main] org.apache.catalina.startup.VersionLoggerListener.log JVM Version:           21.0.6+8-LTS-188
21-Apr-2025 23:10:07.123 INFO [main] org.apache.catalina.startup.VersionLoggerListener.log JVM Vendor:            Oracle Corporation
21-Apr-2025 23:10:07.123 INFO [main] org.apache.catalina.startup.VersionLoggerListener.log CATALINA_BASE:         C:\Users\User\Desktop\Java\Workspace\apache-tomcat-10.1.40
21-Apr-2025 23:10:07.123 INFO [main] org.apache.catalina.startup.VersionLoggerListener.log CATALINA_HOME:         C:\Users\User\Desktop\Java\Workspace\apache-tomcat-10.1.40
21-Apr-2025 23:10:07.130 INFO [main] org.apache.catalina.startup.VersionLoggerListener.log Command line argument: -Djava.util.logging.config.file=C:\Users\User\Desktop\Java\Workspace\apache-tomcat-10.1.40\conf\logging.properties
21-Apr-2025 23:10:07.130 INFO [main] org.apache.catalina.startup.VersionLoggerListener.log Command line argument: -Djava.util.logging.manager=org.apache.juli.ClassLoaderLogManager
21-Apr-2025 23:10:07.130 INFO [main] org.apache.catalina.startup.VersionLoggerListener.log Command line argument: -Djdk.tls.ephemeralDHKeySize=2048
21-Apr-2025 23:10:07.130 INFO [main] org.apache.catalina.startup.VersionLoggerListener.log Command line argument: -Djava.protocol.handler.pkgs=org.apache.catalina.webresources
21-Apr-2025 23:10:07.131 INFO [main] org.apache.catalina.startup.VersionLoggerListener.log Command line argument: -Dsun.io.useCanonCaches=false
21-Apr-2025 23:10:07.131 INFO [main] org.apache.catalina.startup.VersionLoggerListener.log Command line argument: --add-opens=java.base/java.lang=ALL-UNNAMED
21-Apr-2025 23:10:07.131 INFO [main] org.apache.catalina.startup.VersionLoggerListener.log Command line argument: --add-opens=java.base/java.lang.reflect=ALL-UNNAMED
21-Apr-2025 23:10:07.131 INFO [main] org.apache.catalina.startup.VersionLoggerListener.log Command line argument: --add-opens=java.base/java.io=ALL-UNNAMED
21-Apr-2025 23:10:07.131 INFO [main] org.apache.catalina.startup.VersionLoggerListener.log Command line argument: --add-opens=java.base/java.util=ALL-UNNAMED
21-Apr-2025 23:10:07.132 INFO [main] org.apache.catalina.startup.VersionLoggerListener.log Command line argument: --add-opens=java.base/java.util.concurrent=ALL-UNNAMED
21-Apr-2025 23:10:07.132 INFO [main] org.apache.catalina.startup.VersionLoggerListener.log Command line argument: --add-opens=java.rmi/sun.rmi.transport=ALL-UNNAMED
21-Apr-2025 23:10:07.132 INFO [main] org.apache.catalina.startup.VersionLoggerListener.log Command line argument: -Dcatalina.base=C:\Users\User\Desktop\Java\Workspace\apache-tomcat-10.1.40
21-Apr-2025 23:10:07.132 INFO [main] org.apache.catalina.startup.VersionLoggerListener.log Command line argument: -Dcatalina.home=C:\Users\User\Desktop\Java\Workspace\apache-tomcat-10.1.40
21-Apr-2025 23:10:07.133 INFO [main] org.apache.catalina.startup.VersionLoggerListener.log Command line argument: -Djava.io.tmpdir=C:\Users\User\Desktop\Java\Workspace\apache-tomcat-10.1.40\temp
21-Apr-2025 23:10:07.136 INFO [main] org.apache.catalina.core.AprLifecycleListener.lifecycleEvent The Apache Tomcat Native library which allows using OpenSSL was not found on the java.library.path: [C:\Program Files\Java\jdk-21\bin;C:\WINDOWS\Sun\Java\bin;C:\WINDOWS\system32;C:\WINDOWS;C:\Program Files\Common Files\Oracle\Java\javapath;C:\Program Files\Java\jdk-21\bin;C:\WINDOWS\system32;C:\WINDOWS;C:\WINDOWS\System32\Wbem;C:\WINDOWS\System32\WindowsPowerShell\v1.0\;C:\WINDOWS\System32\OpenSSH\;C:\Program Files (x86)\NVIDIA Corporation\PhysX\Common;C:\Program Files\NVIDIA Corporation\NVIDIA NvDLISR;C:\Program Files\dotnet\;C:\Program Files\Git\cmd;C:\Users\User\AppData\Local\Microsoft\WindowsApps;C:\Users\User\AppData\Local\Programs\Microsoft VS Code\bin;.]
21-Apr-2025 23:10:07.300 INFO [main] org.apache.coyote.AbstractProtocol.init Initializing ProtocolHandler ["http-nio-8080"]
21-Apr-2025 23:10:07.317 INFO [main] org.apache.catalina.startup.Catalina.load Server initialization in [313] milliseconds
21-Apr-2025 23:10:07.364 INFO [main] org.apache.catalina.core.StandardService.startInternal Starting service [Catalina]
21-Apr-2025 23:10:07.365 INFO [main] org.apache.catalina.core.StandardEngine.startInternal Starting Servlet engine: [Apache Tomcat/10.1.40]
21-Apr-2025 23:10:07.371 INFO [main] org.apache.catalina.startup.HostConfig.deployDirectory Deploying web application directory [C:\Users\User\Desktop\Java\Workspace\apache-tomcat-10.1.40\webapps\docs]
21-Apr-2025 23:10:07.570 INFO [main] org.apache.catalina.startup.HostConfig.deployDirectory Deployment of web application directory [C:\Users\User\Desktop\Java\Workspace\apache-tomcat-10.1.40\webapps\docs] has finished in [198] ms
21-Apr-2025 23:10:07.570 INFO [main] org.apache.catalina.startup.HostConfig.deployDirectory Deploying web application directory [C:\Users\User\Desktop\Java\Workspace\apache-tomcat-10.1.40\webapps\examples]
21-Apr-2025 23:10:07.800 INFO [main] org.apache.catalina.startup.HostConfig.deployDirectory Deployment of web application directory [C:\Users\User\Desktop\Java\Workspace\apache-tomcat-10.1.40\webapps\examples] has finished in [230] ms
21-Apr-2025 23:10:07.800 INFO [main] org.apache.catalina.startup.HostConfig.deployDirectory Deploying web application directory [C:\Users\User\Desktop\Java\Workspace\apache-tomcat-10.1.40\webapps\host-manager]
21-Apr-2025 23:10:07.830 INFO [main] org.apache.catalina.startup.HostConfig.deployDirectory Deployment of web application directory [C:\Users\User\Desktop\Java\Workspace\apache-tomcat-10.1.40\webapps\host-manager] has finished in [30] ms
21-Apr-2025 23:10:07.830 INFO [main] org.apache.catalina.startup.HostConfig.deployDirectory Deploying web application directory [C:\Users\User\Desktop\Java\Workspace\apache-tomcat-10.1.40\webapps\manager]
21-Apr-2025 23:10:07.853 INFO [main] org.apache.catalina.startup.HostConfig.deployDirectory Deployment of web application directory [C:\Users\User\Desktop\Java\Workspace\apache-tomcat-10.1.40\webapps\manager] has finished in [23] ms
21-Apr-2025 23:10:07.853 INFO [main] org.apache.catalina.startup.HostConfig.deployDirectory Deploying web application directory [C:\Users\User\Desktop\Java\Workspace\apache-tomcat-10.1.40\webapps\ROOT]
21-Apr-2025 23:10:07.868 INFO [main] org.apache.catalina.startup.HostConfig.deployDirectory Deployment of web application directory [C:\Users\User\Desktop\Java\Workspace\apache-tomcat-10.1.40\webapps\ROOT] has finished in [15] ms
21-Apr-2025 23:10:07.871 INFO [main] org.apache.coyote.AbstractProtocol.start Starting ProtocolHandler ["http-nio-8080"]
21-Apr-2025 23:10:07.886 INFO [main] org.apache.catalina.startup.Catalina.start Server startup in [567] milliseconds
