2025-05-31T12:21:37.523+08:00  INFO 1520 --- [springboot-jpa] [RMI TCP Connection(881)-127.0.0.1] inMXBeanRegistrar$SpringApplicationAdmin : Application shutdown requested.
2025-05-31T12:21:37.530+08:00  INFO 1520 --- [springboot-jpa] [RMI TCP Connection(881)-127.0.0.1] o.s.b.w.e.tomcat.GracefulShutdown        : Commencing graceful shutdown. Waiting for active requests to complete
2025-05-31T12:21:37.533+08:00  INFO 1520 --- [springboot-jpa] [tomcat-shutdown] o.s.b.w.e.tomcat.GracefulShutdown        : Graceful shutdown complete
2025-05-31T12:21:37.538+08:00  INFO 1520 --- [springboot-jpa] [RMI TCP Connection(881)-127.0.0.1] j.LocalContainerEntityManagerFactoryBean : Closing JPA EntityManagerFactory for persistence unit 'default'
2025-05-31T12:21:37.540+08:00  INFO 1520 --- [springboot-jpa] [RMI TCP Connection(881)-127.0.0.1] com.zaxxer.hikari.HikariDataSource       : HikariPool-1 - Shutdown initiated...
2025-05-31T12:21:37.542+08:00  INFO 1520 --- [springboot-jpa] [RMI TCP Connection(881)-127.0.0.1] com.zaxxer.hikari.HikariDataSource       : HikariPool-1 - Shutdown completed.
2025-05-31T12:21:38.678+08:00  INFO 25220 --- [springboot-jpa] [main] c.example.demo.SpringbootJpaApplication  : Starting SpringbootJpaApplication using Java 21.0.6 with PID 25220 (C:\Users\User\Desktop\Java\Workspace\springboot-jpa\target\classes started by User in C:\Users\User\Desktop\Java\Workspace\springboot-jpa)
2025-05-31T12:21:38.679+08:00  INFO 25220 --- [springboot-jpa] [main] c.example.demo.SpringbootJpaApplication  : No active profile set, falling back to 1 default profile: "default"
2025-05-31T12:21:38.999+08:00  INFO 25220 --- [springboot-jpa] [main] .s.d.r.c.RepositoryConfigurationDelegate : Multiple Spring Data modules found, entering strict repository configuration mode
2025-05-31T12:21:39.000+08:00  INFO 25220 --- [springboot-jpa] [main] .s.d.r.c.RepositoryConfigurationDelegate : Bootstrapping Spring Data JDBC repositories in DEFAULT mode.
2025-05-31T12:21:39.019+08:00  INFO 25220 --- [springboot-jpa] [main] .RepositoryConfigurationExtensionSupport : Spring Data JDBC - Could not safely identify store assignment for repository candidate interface com.example.demo.repository.RoomRepository; If you want this repository to be a JDBC repository, consider annotating your entities with one of these annotations: org.springframework.data.relational.core.mapping.Table.
2025-05-31T12:21:39.019+08:00  INFO 25220 --- [springboot-jpa] [main] .s.d.r.c.RepositoryConfigurationDelegate : Finished Spring Data repository scanning in 16 ms. Found 0 JDBC repository interfaces.
2025-05-31T12:21:39.025+08:00  INFO 25220 --- [springboot-jpa] [main] .s.d.r.c.RepositoryConfigurationDelegate : Multiple Spring Data modules found, entering strict repository configuration mode
2025-05-31T12:21:39.025+08:00  INFO 25220 --- [springboot-jpa] [main] .s.d.r.c.RepositoryConfigurationDelegate : Bootstrapping Spring Data JPA repositories in DEFAULT mode.
2025-05-31T12:21:39.041+08:00  INFO 25220 --- [springboot-jpa] [main] .s.d.r.c.RepositoryConfigurationDelegate : Finished Spring Data repository scanning in 12 ms. Found 1 JPA repository interface.
2025-05-31T12:21:39.310+08:00  INFO 25220 --- [springboot-jpa] [main] o.s.b.w.embedded.tomcat.TomcatWebServer  : Tomcat initialized with port 8081 (http)
2025-05-31T12:21:39.320+08:00  INFO 25220 --- [springboot-jpa] [main] o.apache.catalina.core.StandardService   : Starting service [Tomcat]
2025-05-31T12:21:39.320+08:00  INFO 25220 --- [springboot-jpa] [main] o.apache.catalina.core.StandardEngine    : Starting Servlet engine: [Apache Tomcat/10.1.40]
2025-05-31T12:21:39.441+08:00  INFO 25220 --- [springboot-jpa] [main] org.apache.jasper.servlet.TldScanner     : At least one JAR was scanned for TLDs yet contained no TLDs. Enable debug logging for this logger for a complete list of JARs that were scanned but no TLDs were found in them. Skipping unneeded JARs during scanning can improve startup time and JSP compilation time.
2025-05-31T12:21:39.446+08:00  INFO 25220 --- [springboot-jpa] [main] o.a.c.c.C.[Tomcat].[localhost].[/]       : Initializing Spring embedded WebApplicationContext
2025-05-31T12:21:39.447+08:00  INFO 25220 --- [springboot-jpa] [main] w.s.c.ServletWebServerApplicationContext : Root WebApplicationContext: initialization completed in 744 ms
2025-05-31T12:21:39.521+08:00  INFO 25220 --- [springboot-jpa] [main] o.hibernate.jpa.internal.util.LogHelper  : HHH000204: Processing PersistenceUnitInfo [name: default]
2025-05-31T12:21:39.558+08:00  INFO 25220 --- [springboot-jpa] [main] org.hibernate.Version                    : HHH000412: Hibernate ORM core version 6.6.13.Final
2025-05-31T12:21:39.587+08:00  INFO 25220 --- [springboot-jpa] [main] o.h.c.internal.RegionFactoryInitiator    : HHH000026: Second-level cache disabled
2025-05-31T12:21:39.738+08:00  INFO 25220 --- [springboot-jpa] [main] o.s.o.j.p.SpringPersistenceUnitInfo      : No LoadTimeWeaver setup: ignoring JPA class transformer
2025-05-31T12:21:39.757+08:00  INFO 25220 --- [springboot-jpa] [main] com.zaxxer.hikari.HikariDataSource       : HikariPool-1 - Starting...
2025-05-31T12:21:39.845+08:00  INFO 25220 --- [springboot-jpa] [main] com.zaxxer.hikari.pool.HikariPool        : HikariPool-1 - Added connection com.mysql.cj.jdbc.ConnectionImpl@7c956dda
2025-05-31T12:21:39.846+08:00  INFO 25220 --- [springboot-jpa] [main] com.zaxxer.hikari.HikariDataSource       : HikariPool-1 - Start completed.
2025-05-31T12:21:39.897+08:00  INFO 25220 --- [springboot-jpa] [main] org.hibernate.orm.connections.pooling    : HHH10001005: Database info:
	Database JDBC URL [Connecting through datasource 'HikariDataSource (HikariPool-1)']
	Database driver: undefined/unknown
	Database version: 8.0.34
	Autocommit mode: undefined/unknown
	Isolation level: undefined/unknown
	Minimum pool size: undefined/unknown
	Maximum pool size: undefined/unknown
2025-05-31T12:21:40.396+08:00  INFO 25220 --- [springboot-jpa] [main] o.h.e.t.j.p.i.JtaPlatformInitiator       : HHH000489: No JTA platform available (set 'hibernate.transaction.jta.platform' to enable JTA platform integration)
2025-05-31T12:21:40.423+08:00  INFO 25220 --- [springboot-jpa] [main] j.LocalContainerEntityManagerFactoryBean : Initialized JPA EntityManagerFactory for persistence unit 'default'
2025-05-31T12:21:40.573+08:00  INFO 25220 --- [springboot-jpa] [main] o.s.d.j.r.query.QueryEnhancerFactory     : Hibernate is in classpath; If applicable, HQL parser will be used.
2025-05-31T12:21:40.838+08:00  INFO 25220 --- [springboot-jpa] [main] o.s.b.a.w.s.WelcomePageHandlerMapping    : Adding welcome page: class path resource [static/index.html]
2025-05-31T12:21:41.057+08:00  INFO 25220 --- [springboot-jpa] [main] o.s.b.w.embedded.tomcat.TomcatWebServer  : Tomcat started on port 8081 (http) with context path '/'
2025-05-31T12:21:41.061+08:00  INFO 25220 --- [springboot-jpa] [main] c.example.demo.SpringbootJpaApplication  : Started SpringbootJpaApplication in 2.588 seconds (process running for 2.89)
2025-05-31T12:21:48.629+08:00  INFO 25220 --- [springboot-jpa] [http-nio-8081-exec-1] o.a.c.c.C.[Tomcat].[localhost].[/]       : Initializing Spring DispatcherServlet 'dispatcherServlet'
2025-05-31T12:21:48.629+08:00  INFO 25220 --- [springboot-jpa] [http-nio-8081-exec-1] o.s.web.servlet.DispatcherServlet        : Initializing Servlet 'dispatcherServlet'
2025-05-31T12:21:48.630+08:00  INFO 25220 --- [springboot-jpa] [http-nio-8081-exec-1] o.s.web.servlet.DispatcherServlet        : Completed initialization in 1 ms
2025-05-31T12:24:27.079+08:00  INFO 25220 --- [springboot-jpa] [RMI TCP Connection(13)-127.0.0.1] inMXBeanRegistrar$SpringApplicationAdmin : Application shutdown requested.
2025-05-31T12:24:27.081+08:00  INFO 25220 --- [springboot-jpa] [RMI TCP Connection(13)-127.0.0.1] o.s.b.w.e.tomcat.GracefulShutdown        : Commencing graceful shutdown. Waiting for active requests to complete
2025-05-31T12:24:27.084+08:00  INFO 25220 --- [springboot-jpa] [tomcat-shutdown] o.s.b.w.e.tomcat.GracefulShutdown        : Graceful shutdown complete
2025-05-31T12:24:27.086+08:00  INFO 25220 --- [springboot-jpa] [RMI TCP Connection(13)-127.0.0.1] j.LocalContainerEntityManagerFactoryBean : Closing JPA EntityManagerFactory for persistence unit 'default'
2025-05-31T12:24:27.088+08:00  INFO 25220 --- [springboot-jpa] [RMI TCP Connection(13)-127.0.0.1] com.zaxxer.hikari.HikariDataSource       : HikariPool-1 - Shutdown initiated...
2025-05-31T12:24:27.092+08:00  INFO 25220 --- [springboot-jpa] [RMI TCP Connection(13)-127.0.0.1] com.zaxxer.hikari.HikariDataSource       : HikariPool-1 - Shutdown completed.
2025-05-31T12:24:28.389+08:00  INFO 30660 --- [springboot-jpa] [main] c.example.demo.SpringbootJpaApplication  : Starting SpringbootJpaApplication using Java 21.0.6 with PID 30660 (C:\Users\User\Desktop\Java\Workspace\springboot-jpa\target\classes started by User in C:\Users\User\Desktop\Java\Workspace\springboot-jpa)
2025-05-31T12:24:28.390+08:00  INFO 30660 --- [springboot-jpa] [main] c.example.demo.SpringbootJpaApplication  : No active profile set, falling back to 1 default profile: "default"
2025-05-31T12:24:28.725+08:00  INFO 30660 --- [springboot-jpa] [main] .s.d.r.c.RepositoryConfigurationDelegate : Multiple Spring Data modules found, entering strict repository configuration mode
2025-05-31T12:24:28.725+08:00  INFO 30660 --- [springboot-jpa] [main] .s.d.r.c.RepositoryConfigurationDelegate : Bootstrapping Spring Data JDBC repositories in DEFAULT mode.
2025-05-31T12:24:28.753+08:00  INFO 30660 --- [springboot-jpa] [main] .RepositoryConfigurationExtensionSupport : Spring Data JDBC - Could not safely identify store assignment for repository candidate interface com.example.demo.repository.RoomRepository; If you want this repository to be a JDBC repository, consider annotating your entities with one of these annotations: org.springframework.data.relational.core.mapping.Table.
2025-05-31T12:24:28.755+08:00  INFO 30660 --- [springboot-jpa] [main] .s.d.r.c.RepositoryConfigurationDelegate : Finished Spring Data repository scanning in 25 ms. Found 0 JDBC repository interfaces.
2025-05-31T12:24:28.762+08:00  INFO 30660 --- [springboot-jpa] [main] .s.d.r.c.RepositoryConfigurationDelegate : Multiple Spring Data modules found, entering strict repository configuration mode
2025-05-31T12:24:28.763+08:00  INFO 30660 --- [springboot-jpa] [main] .s.d.r.c.RepositoryConfigurationDelegate : Bootstrapping Spring Data JPA repositories in DEFAULT mode.
2025-05-31T12:24:28.778+08:00  INFO 30660 --- [springboot-jpa] [main] .s.d.r.c.RepositoryConfigurationDelegate : Finished Spring Data repository scanning in 12 ms. Found 1 JPA repository interface.
2025-05-31T12:24:29.046+08:00  INFO 30660 --- [springboot-jpa] [main] o.s.b.w.embedded.tomcat.TomcatWebServer  : Tomcat initialized with port 8081 (http)
2025-05-31T12:24:29.055+08:00  INFO 30660 --- [springboot-jpa] [main] o.apache.catalina.core.StandardService   : Starting service [Tomcat]
2025-05-31T12:24:29.055+08:00  INFO 30660 --- [springboot-jpa] [main] o.apache.catalina.core.StandardEngine    : Starting Servlet engine: [Apache Tomcat/10.1.40]
2025-05-31T12:24:29.160+08:00  INFO 30660 --- [springboot-jpa] [main] org.apache.jasper.servlet.TldScanner     : At least one JAR was scanned for TLDs yet contained no TLDs. Enable debug logging for this logger for a complete list of JARs that were scanned but no TLDs were found in them. Skipping unneeded JARs during scanning can improve startup time and JSP compilation time.
2025-05-31T12:24:29.165+08:00  INFO 30660 --- [springboot-jpa] [main] o.a.c.c.C.[Tomcat].[localhost].[/]       : Initializing Spring embedded WebApplicationContext
2025-05-31T12:24:29.165+08:00  INFO 30660 --- [springboot-jpa] [main] w.s.c.ServletWebServerApplicationContext : Root WebApplicationContext: initialization completed in 754 ms
2025-05-31T12:24:29.237+08:00  INFO 30660 --- [springboot-jpa] [main] o.hibernate.jpa.internal.util.LogHelper  : HHH000204: Processing PersistenceUnitInfo [name: default]
2025-05-31T12:24:29.263+08:00  INFO 30660 --- [springboot-jpa] [main] org.hibernate.Version                    : HHH000412: Hibernate ORM core version 6.6.13.Final
2025-05-31T12:24:29.283+08:00  INFO 30660 --- [springboot-jpa] [main] o.h.c.internal.RegionFactoryInitiator    : HHH000026: Second-level cache disabled
2025-05-31T12:24:29.418+08:00  INFO 30660 --- [springboot-jpa] [main] o.s.o.j.p.SpringPersistenceUnitInfo      : No LoadTimeWeaver setup: ignoring JPA class transformer
2025-05-31T12:24:29.435+08:00  INFO 30660 --- [springboot-jpa] [main] com.zaxxer.hikari.HikariDataSource       : HikariPool-1 - Starting...
2025-05-31T12:24:29.519+08:00  INFO 30660 --- [springboot-jpa] [main] com.zaxxer.hikari.pool.HikariPool        : HikariPool-1 - Added connection com.mysql.cj.jdbc.ConnectionImpl@5a1a20ae
2025-05-31T12:24:29.520+08:00  INFO 30660 --- [springboot-jpa] [main] com.zaxxer.hikari.HikariDataSource       : HikariPool-1 - Start completed.
2025-05-31T12:24:29.566+08:00  INFO 30660 --- [springboot-jpa] [main] org.hibernate.orm.connections.pooling    : HHH10001005: Database info:
	Database JDBC URL [Connecting through datasource 'HikariDataSource (HikariPool-1)']
	Database driver: undefined/unknown
	Database version: 8.0.34
	Autocommit mode: undefined/unknown
	Isolation level: undefined/unknown
	Minimum pool size: undefined/unknown
	Maximum pool size: undefined/unknown
2025-05-31T12:24:29.958+08:00  INFO 30660 --- [springboot-jpa] [main] o.h.e.t.j.p.i.JtaPlatformInitiator       : HHH000489: No JTA platform available (set 'hibernate.transaction.jta.platform' to enable JTA platform integration)
2025-05-31T12:24:29.980+08:00  INFO 30660 --- [springboot-jpa] [main] j.LocalContainerEntityManagerFactoryBean : Initialized JPA EntityManagerFactory for persistence unit 'default'
2025-05-31T12:24:30.106+08:00  INFO 30660 --- [springboot-jpa] [main] o.s.d.j.r.query.QueryEnhancerFactory     : Hibernate is in classpath; If applicable, HQL parser will be used.
2025-05-31T12:24:30.384+08:00  INFO 30660 --- [springboot-jpa] [main] o.s.b.a.w.s.WelcomePageHandlerMapping    : Adding welcome page: class path resource [static/index.html]
2025-05-31T12:24:30.590+08:00  INFO 30660 --- [springboot-jpa] [main] o.s.b.w.embedded.tomcat.TomcatWebServer  : Tomcat started on port 8081 (http) with context path '/'
2025-05-31T12:24:30.593+08:00  INFO 30660 --- [springboot-jpa] [main] c.example.demo.SpringbootJpaApplication  : Started SpringbootJpaApplication in 2.424 seconds (process running for 2.739)
2025-05-31T12:24:32.039+08:00  INFO 30660 --- [springboot-jpa] [http-nio-8081-exec-1] o.a.c.c.C.[Tomcat].[localhost].[/]       : Initializing Spring DispatcherServlet 'dispatcherServlet'
2025-05-31T12:24:32.039+08:00  INFO 30660 --- [springboot-jpa] [http-nio-8081-exec-1] o.s.web.servlet.DispatcherServlet        : Initializing Servlet 'dispatcherServlet'
2025-05-31T12:24:32.041+08:00  INFO 30660 --- [springboot-jpa] [http-nio-8081-exec-1] o.s.web.servlet.DispatcherServlet        : Completed initialization in 1 ms
